TMS320C6x Assembler PC v7.4.18 Fri Nov 30 01:04:50 2018

Tools Copyright (c) 1996-2015 Texas Instruments Incorporated
C:\Users\INPT\AppData\Local\Temp\0098010                             PAGE    1

       1                    ;******************************************************************************
       2                    ;* TMS320C6x C/C++ Codegen                                         PC v7.4.18 *
       3                    ;* Date/Time created: Fri Nov 30 01:04:50 2018                                *
       4                    ;******************************************************************************
       5                            .compiler_opts --abi=coffabi --c64p_l1d_workaround=default --endian=little --hll_source=on --l
       6                    
       7                    ;******************************************************************************
       8                    ;* GLOBAL FILE PARAMETERS                                                     *
       9                    ;*                                                                            *
      10                    ;*   Architecture      : TMS320C671x                                          *
      11                    ;*   Optimization      : Disabled                                             *
      12                    ;*   Optimizing for    : Compile time, Ease of Development                    *
      13                    ;*                       Based on options: no -o, no -ms                      *
      14                    ;*   Endian            : Little                                               *
      15                    ;*   Interrupt Thrshld : Disabled                                             *
      16                    ;*   Data Access Model : Far                                                  *
      17                    ;*   Pipelining        : Disabled                                             *
      18                    ;*   Memory Aliases    : Presume are aliases (pessimistic)                    *
      19                    ;*   Debug Info        : DWARF Debug                                          *
      20                    ;*                                                                            *
      21                    ;******************************************************************************
      22                    
      23                            .asg    A15, FP
      24                            .asg    B14, DP
      25                            .asg    B15, SP
      26                            .global $bss
      27                    
      28                    
      29                    $C$DW$CU        .dwtag  DW_TAG_compile_unit
      30                            .dwattr $C$DW$CU, DW_AT_name("../AutoWah.c")
      31                            .dwattr $C$DW$CU, DW_AT_producer("TMS320C6x C/C++ Codegen PC v7.4.18 Copyright (c) 1996-2015 T
      32                            .dwattr $C$DW$CU, DW_AT_TI_version(0x01)
      33                            .dwattr $C$DW$CU, DW_AT_comp_dir("G:\workspace\wah_proj\Debug")
      34                    
      35                    $C$DW$1 .dwtag  DW_TAG_subprogram, DW_AT_name("bp_iir_init")
      36                            .dwattr $C$DW$1, DW_AT_TI_symbol_name("_bp_iir_init")
      37                            .dwattr $C$DW$1, DW_AT_declaration
      38                            .dwattr $C$DW$1, DW_AT_external
      39                    $C$DW$2 .dwtag  DW_TAG_formal_parameter
      40                            .dwattr $C$DW$2, DW_AT_type(*$C$DW$T$17)
      41                    $C$DW$3 .dwtag  DW_TAG_formal_parameter
      42                            .dwattr $C$DW$3, DW_AT_type(*$C$DW$T$17)
      43                    $C$DW$4 .dwtag  DW_TAG_formal_parameter
      44                            .dwattr $C$DW$4, DW_AT_type(*$C$DW$T$17)
      45                    $C$DW$5 .dwtag  DW_TAG_formal_parameter
      46                            .dwattr $C$DW$5, DW_AT_type(*$C$DW$T$8)
      47                    $C$DW$6 .dwtag  DW_TAG_formal_parameter
      48                            .dwattr $C$DW$6, DW_AT_type(*$C$DW$T$8)
      49                            .dwendtag $C$DW$1
      50                    
      51                    
      52                    $C$DW$7 .dwtag  DW_TAG_subprogram, DW_AT_name("bp_iir_setup")
      53                            .dwattr $C$DW$7, DW_AT_TI_symbol_name("_bp_iir_setup")
      54                            .dwattr $C$DW$7, DW_AT_declaration
      55                            .dwattr $C$DW$7, DW_AT_external
TMS320C6x Assembler PC v7.4.18 Fri Nov 30 01:04:50 2018

Tools Copyright (c) 1996-2015 Texas Instruments Incorporated
C:\Users\INPT\AppData\Local\Temp\0098010                             PAGE    2

      56                    $C$DW$8 .dwtag  DW_TAG_formal_parameter
      57                            .dwattr $C$DW$8, DW_AT_type(*$C$DW$T$23)
      58                    $C$DW$9 .dwtag  DW_TAG_formal_parameter
      59                            .dwattr $C$DW$9, DW_AT_type(*$C$DW$T$10)
      60                            .dwendtag $C$DW$7
      61                    
      62                    
      63                    $C$DW$10        .dwtag  DW_TAG_subprogram, DW_AT_name("bp_iir_filter")
      64                            .dwattr $C$DW$10, DW_AT_TI_symbol_name("_bp_iir_filter")
      65                            .dwattr $C$DW$10, DW_AT_type(*$C$DW$T$17)
      66                            .dwattr $C$DW$10, DW_AT_declaration
      67                            .dwattr $C$DW$10, DW_AT_external
      68                    $C$DW$11        .dwtag  DW_TAG_formal_parameter
      69                            .dwattr $C$DW$11, DW_AT_type(*$C$DW$T$17)
      70                    $C$DW$12        .dwtag  DW_TAG_formal_parameter
      71                            .dwattr $C$DW$12, DW_AT_type(*$C$DW$T$23)
      72                            .dwendtag $C$DW$10
      73                    
      74 00000000           _center_freq:   .usect  ".far",2,2
      75                    $C$DW$13        .dwtag  DW_TAG_variable, DW_AT_name("center_freq")
      76                            .dwattr $C$DW$13, DW_AT_TI_symbol_name("_center_freq")
      77                            .dwattr $C$DW$13, DW_AT_type(*$C$DW$T$8)
      78                            .dwattr $C$DW$13, DW_AT_location[DW_OP_addr _center_freq]
      79 00000002           _samp_freq:     .usect  ".far",2,2
      80                    $C$DW$14        .dwtag  DW_TAG_variable, DW_AT_name("samp_freq")
      81                            .dwattr $C$DW$14, DW_AT_TI_symbol_name("_samp_freq")
      82                            .dwattr $C$DW$14, DW_AT_type(*$C$DW$T$8)
      83                            .dwattr $C$DW$14, DW_AT_location[DW_OP_addr _samp_freq]
      84 00000004           _counter:       .usect  ".far",2,2
      85                    $C$DW$15        .dwtag  DW_TAG_variable, DW_AT_name("counter")
      86                            .dwattr $C$DW$15, DW_AT_TI_symbol_name("_counter")
      87                            .dwattr $C$DW$15, DW_AT_type(*$C$DW$T$8)
      88                            .dwattr $C$DW$15, DW_AT_location[DW_OP_addr _counter]
      89 00000006           _counter_limit: .usect  ".far",2,2
      90                    $C$DW$16        .dwtag  DW_TAG_variable, DW_AT_name("counter_limit")
      91                            .dwattr $C$DW$16, DW_AT_TI_symbol_name("_counter_limit")
      92                            .dwattr $C$DW$16, DW_AT_type(*$C$DW$T$8)
      93                            .dwattr $C$DW$16, DW_AT_location[DW_OP_addr _counter_limit]
      94 00000008           _control:       .usect  ".far",2,2
      95                    $C$DW$17        .dwtag  DW_TAG_variable, DW_AT_name("control")
      96                            .dwattr $C$DW$17, DW_AT_TI_symbol_name("_control")
      97                            .dwattr $C$DW$17, DW_AT_type(*$C$DW$T$8)
      98                            .dwattr $C$DW$17, DW_AT_location[DW_OP_addr _control]
      99 0000000a           _max_freq:      .usect  ".far",2,2
     100                    $C$DW$18        .dwtag  DW_TAG_variable, DW_AT_name("max_freq")
     101                            .dwattr $C$DW$18, DW_AT_TI_symbol_name("_max_freq")
     102                            .dwattr $C$DW$18, DW_AT_type(*$C$DW$T$8)
     103                            .dwattr $C$DW$18, DW_AT_location[DW_OP_addr _max_freq]
     104 0000000c           _min_freq:      .usect  ".far",2,2
     105                    $C$DW$19        .dwtag  DW_TAG_variable, DW_AT_name("min_freq")
     106                            .dwattr $C$DW$19, DW_AT_TI_symbol_name("_min_freq")
     107                            .dwattr $C$DW$19, DW_AT_type(*$C$DW$T$8)
     108                            .dwattr $C$DW$19, DW_AT_location[DW_OP_addr _min_freq]
     109 0000000e           _f_step:        .usect  ".far",2,2
     110                    $C$DW$20        .dwtag  DW_TAG_variable, DW_AT_name("f_step")
TMS320C6x Assembler PC v7.4.18 Fri Nov 30 01:04:50 2018

Tools Copyright (c) 1996-2015 Texas Instruments Incorporated
C:\Users\INPT\AppData\Local\Temp\0098010                             PAGE    3

     111                            .dwattr $C$DW$20, DW_AT_TI_symbol_name("_f_step")
     112                            .dwattr $C$DW$20, DW_AT_type(*$C$DW$T$8)
     113                            .dwattr $C$DW$20, DW_AT_location[DW_OP_addr _f_step]
     114 00000010           _H:     .usect  ".far",88,8
     115                    $C$DW$21        .dwtag  DW_TAG_variable, DW_AT_name("H")
     116                            .dwattr $C$DW$21, DW_AT_TI_symbol_name("_H")
     117                            .dwattr $C$DW$21, DW_AT_type(*$C$DW$T$20)
     118                            .dwattr $C$DW$21, DW_AT_location[DW_OP_addr _H]
     119                    ;       C:\ti\ccsv6\tools\compiler\c6000_7.4.18\bin\acp6x.exe -@C:\\Users\\INPT\\AppData\\Local\\Temp\
     120 00000000                   .sect   ".text"
     121                            .clink
     122                            .global _AutoWah_init
     123                    
     124                    $C$DW$22        .dwtag  DW_TAG_subprogram, DW_AT_name("AutoWah_init")
     125                            .dwattr $C$DW$22, DW_AT_low_pc(_AutoWah_init)
     126                            .dwattr $C$DW$22, DW_AT_high_pc(0x00)
     127                            .dwattr $C$DW$22, DW_AT_TI_symbol_name("_AutoWah_init")
     128                            .dwattr $C$DW$22, DW_AT_external
     129                            .dwattr $C$DW$22, DW_AT_TI_begin_file("../AutoWah.c")
     130                            .dwattr $C$DW$22, DW_AT_TI_begin_line(0x14)
     131                            .dwattr $C$DW$22, DW_AT_TI_begin_column(0x06)
     132                            .dwattr $C$DW$22, DW_AT_TI_max_frame_size(0x20)
     133                            .dwpsn  file "../AutoWah.c",line 20,column 117,is_stmt,address _AutoWah_init
     134                    
     135                            .dwfde $C$DW$CIE, _AutoWah_init
     136                    $C$DW$23        .dwtag  DW_TAG_formal_parameter, DW_AT_name("effect_rate")
     137                            .dwattr $C$DW$23, DW_AT_TI_symbol_name("_effect_rate")
     138                            .dwattr $C$DW$23, DW_AT_type(*$C$DW$T$8)
     139                            .dwattr $C$DW$23, DW_AT_location[DW_OP_reg4]
     140                    $C$DW$24        .dwtag  DW_TAG_formal_parameter, DW_AT_name("sampling")
     141                            .dwattr $C$DW$24, DW_AT_TI_symbol_name("_sampling")
     142                            .dwattr $C$DW$24, DW_AT_type(*$C$DW$T$8)
     143                            .dwattr $C$DW$24, DW_AT_location[DW_OP_reg20]
     144                    $C$DW$25        .dwtag  DW_TAG_formal_parameter, DW_AT_name("maxf")
     145                            .dwattr $C$DW$25, DW_AT_TI_symbol_name("_maxf")
     146                            .dwattr $C$DW$25, DW_AT_type(*$C$DW$T$8)
     147                            .dwattr $C$DW$25, DW_AT_location[DW_OP_reg6]
     148                    $C$DW$26        .dwtag  DW_TAG_formal_parameter, DW_AT_name("minf")
     149                            .dwattr $C$DW$26, DW_AT_TI_symbol_name("_minf")
     150                            .dwattr $C$DW$26, DW_AT_type(*$C$DW$T$8)
     151                            .dwattr $C$DW$26, DW_AT_location[DW_OP_reg22]
     152                    $C$DW$27        .dwtag  DW_TAG_formal_parameter, DW_AT_name("Q")
     153                            .dwattr $C$DW$27, DW_AT_TI_symbol_name("_Q")
     154                            .dwattr $C$DW$27, DW_AT_type(*$C$DW$T$8)
     155                            .dwattr $C$DW$27, DW_AT_location[DW_OP_reg8]
     156                    $C$DW$28        .dwtag  DW_TAG_formal_parameter, DW_AT_name("gainfactor")
     157                            .dwattr $C$DW$28, DW_AT_TI_symbol_name("_gainfactor")
     158                            .dwattr $C$DW$28, DW_AT_type(*$C$DW$T$17)
     159                            .dwattr $C$DW$28, DW_AT_location[DW_OP_reg24]
     160                    $C$DW$29        .dwtag  DW_TAG_formal_parameter, DW_AT_name("freq_step")
     161                            .dwattr $C$DW$29, DW_AT_TI_symbol_name("_freq_step")
     162                            .dwattr $C$DW$29, DW_AT_type(*$C$DW$T$8)
     163                            .dwattr $C$DW$29, DW_AT_location[DW_OP_reg10]
     164                    
     165                    ;******************************************************************************
TMS320C6x Assembler PC v7.4.18 Fri Nov 30 01:04:50 2018

Tools Copyright (c) 1996-2015 Texas Instruments Incorporated
C:\Users\INPT\AppData\Local\Temp\0098010                             PAGE    4

     166                    ;* FUNCTION NAME: AutoWah_init                                                *
     167                    ;*                                                                            *
     168                    ;*   Regs Modified     : A0,A1,A2,A3,A4,A5,A6,A7,A8,A9,B0,B1,B2,B3,B4,B5,B6,  *
     169                    ;*                           B7,B8,B9,SP                                      *
     170                    ;*   Regs Used         : A0,A1,A2,A3,A4,A5,A6,A7,A8,A9,A10,B0,B1,B2,B3,B4,B5, *
     171                    ;*                           B6,B7,B8,B9,DP,SP                                *
     172                    ;*   Local Frame Size  : 0 Args + 24 Auto + 4 Save = 28 byte                  *
     173                    ;******************************************************************************
     174 00000000           _AutoWah_init:
     175                    ;** --------------------------------------------------------------------------*
     176                            .dwcfi  cfa_offset, 0
     177                            .dwcfi  save_reg_to_reg, 228, 19
     178 00000000 01BD14F6             STW     .D2T2   B3,*SP--(32)      ; |20| 
     179                            .dwcfi  cfa_offset, 32
     180                            .dwcfi  save_reg_to_mem, 19, 0
     181                    $C$DW$30        .dwtag  DW_TAG_variable, DW_AT_name("effect_rate")
     182                            .dwattr $C$DW$30, DW_AT_TI_symbol_name("_effect_rate")
     183                            .dwattr $C$DW$30, DW_AT_type(*$C$DW$T$8)
     184                            .dwattr $C$DW$30, DW_AT_location[DW_OP_breg31 4]
     185                    $C$DW$31        .dwtag  DW_TAG_variable, DW_AT_name("sampling")
     186                            .dwattr $C$DW$31, DW_AT_TI_symbol_name("_sampling")
     187                            .dwattr $C$DW$31, DW_AT_type(*$C$DW$T$8)
     188                            .dwattr $C$DW$31, DW_AT_location[DW_OP_breg31 6]
     189                    $C$DW$32        .dwtag  DW_TAG_variable, DW_AT_name("maxf")
     190                            .dwattr $C$DW$32, DW_AT_TI_symbol_name("_maxf")
     191                            .dwattr $C$DW$32, DW_AT_type(*$C$DW$T$8)
     192                            .dwattr $C$DW$32, DW_AT_location[DW_OP_breg31 8]
     193                    $C$DW$33        .dwtag  DW_TAG_variable, DW_AT_name("minf")
     194                            .dwattr $C$DW$33, DW_AT_TI_symbol_name("_minf")
     195                            .dwattr $C$DW$33, DW_AT_type(*$C$DW$T$8)
     196                            .dwattr $C$DW$33, DW_AT_location[DW_OP_breg31 10]
     197                    $C$DW$34        .dwtag  DW_TAG_variable, DW_AT_name("Q")
     198                            .dwattr $C$DW$34, DW_AT_TI_symbol_name("_Q")
     199                            .dwattr $C$DW$34, DW_AT_type(*$C$DW$T$8)
     200                            .dwattr $C$DW$34, DW_AT_location[DW_OP_breg31 12]
     201                    $C$DW$35        .dwtag  DW_TAG_variable, DW_AT_name("gainfactor")
     202                            .dwattr $C$DW$35, DW_AT_TI_symbol_name("_gainfactor")
     203                            .dwattr $C$DW$35, DW_AT_type(*$C$DW$T$17)
     204                            .dwattr $C$DW$35, DW_AT_location[DW_OP_breg31 16]
     205                    $C$DW$36        .dwtag  DW_TAG_variable, DW_AT_name("freq_step")
     206                            .dwattr $C$DW$36, DW_AT_TI_symbol_name("_freq_step")
     207                            .dwattr $C$DW$36, DW_AT_type(*$C$DW$T$8)
     208                            .dwattr $C$DW$36, DW_AT_location[DW_OP_breg31 24]
     209 00000004 053D82D4             STH     .D2T1   A10,*+SP(24)      ; |20| 
     210 00000008 043CC2D4             STH     .D2T1   A8,*+SP(12)       ; |20| 
     211 0000000c 033CA2D6             STH     .D2T2   B6,*+SP(10)       ; |20| 
     212 00000010 023C62D6             STH     .D2T2   B4,*+SP(6)        ; |20| 
     213                    
     214 00000014 02A01059             MV      .L1X    B8,A5             ; |20| 
     215 00000018 023C42D4  ||         STH     .D2T1   A4,*+SP(4)        ; |20| 
     216                    
     217 00000020 01A41059             MV      .L1X    B9,A3             ; |20| 
     218 00000024 02BC82F4  ||         STW     .D2T1   A5,*+SP(16)       ; |20| 
     219                    
     220 00000028 0298105B             MV      .L2X    A6,B5             ; |20| 
TMS320C6x Assembler PC v7.4.18 Fri Nov 30 01:04:50 2018

Tools Copyright (c) 1996-2015 Texas Instruments Incorporated
C:\Users\INPT\AppData\Local\Temp\0098010                             PAGE    5

     221 0000002c 01BCA2F4  ||         STW     .D2T1   A3,*+SP(20)       ; |20| 
     222                    
     223 00000030 02BC82D6             STH     .D2T2   B5,*+SP(8)        ; |20| 
     224                            .dwpsn  file "../AutoWah.c",line 24,column 2,is_stmt
     225 00000034 01800028-            MVKL    .S1     _center_freq,A3
     226                    
     227 00000038 01800069-            MVKH    .S1     _center_freq,A3
     228 0000003c 020000FA  ||         ZERO    .L2     B4                ; |24| 
     229                    
     230 00000040 020C0256             STH     .D1T2   B4,*A3            ; |24| 
     231                            .dwpsn  file "../AutoWah.c",line 25,column 2,is_stmt
     232 00000044 01BC62C4             LDH     .D2T1   *+SP(6),A3        ; |25| 
     233 00000048 02000128-            MVKL    .S1     _samp_freq,A4
     234 0000004c 02000068-            MVKH    .S1     _samp_freq,A4
     235 00000050 00002000             NOP             2
     236 00000054 01900254             STH     .D1T1   A3,*A4            ; |25| 
     237                            .dwpsn  file "../AutoWah.c",line 26,column 2,is_stmt
     238 00000058 01BC42C4             LDH     .D2T1   *+SP(4),A3        ; |26| 
     239 0000005c 0200022A-            MVKL    .S2     _counter,B4
     240 00000060 0200006A-            MVKH    .S2     _counter,B4
     241 00000064 00002000             NOP             2
     242 00000068 019002D4             STH     .D2T1   A3,*B4            ; |26| 
     243                            .dwpsn  file "../AutoWah.c",line 27,column 2,is_stmt
     244 0000006c 01800428-            MVKL    .S1     _control,A3
     245                    
     246 00000070 01800069-            MVKH    .S1     _control,A3
     247 00000074 020000FA  ||         ZERO    .L2     B4                ; |27| 
     248                    
     249 00000078 020C0256             STH     .D1T2   B4,*A3            ; |27| 
     250                            .dwpsn  file "../AutoWah.c",line 30,column 2,is_stmt
     251 0000007c 01BC42C4             LDH     .D2T1   *+SP(4),A3        ; |30| 
     252 00000080 02000328-            MVKL    .S1     _counter_limit,A4
     253 00000084 02000068-            MVKH    .S1     _counter_limit,A4
     254 00000088 00002000             NOP             2
     255 0000008c 01900254             STH     .D1T1   A3,*A4            ; |30| 
     256                            .dwpsn  file "../AutoWah.c",line 33,column 2,is_stmt
     257 00000090 01800628-            MVKL    .S1     _min_freq,A3
     258 00000094 01800068-            MVKH    .S1     _min_freq,A3
     259 00000098 020C0256             STH     .D1T2   B4,*A3            ; |33| 
     260                            .dwpsn  file "../AutoWah.c",line 34,column 2,is_stmt
     261 0000009c 02BCA2C6             LDH     .D2T2   *+SP(10),B5       ; |34| 
     262                    $C$DW$37        .dwtag  DW_TAG_TI_branch
     263                            .dwattr $C$DW$37, DW_AT_low_pc(0x04)
     264                            .dwattr $C$DW$37, DW_AT_name("__divi")
     265                            .dwattr $C$DW$37, DW_AT_TI_call
     266                    
     267 000000a0 01BC82C5             LDH     .D2T1   *+SP(8),A3        ; |34| 
     268 000000a4 0FFFEC10! ||         CALL    .S1     __divi            ; |34| 
     269                    
     270 000000a8 023D82C6             LDH     .D2T2   *+SP(24),B4       ; |34| 
     271 000000ac 01805E2A'            MVKL    .S2     $C$RL0,B3         ; |34| 
     272 000000b0 0180006A'            MVKH    .S2     $C$RL0,B3         ; |34| 
     273 000000b4 00000000             NOP             1
     274 000000b8 021470F8             SUB     .L1X    A3,B5,A4          ; |34| 
     275 000000bc           $C$RL0:    ; CALL OCCURS {__divi} {0}        ; |34| 
TMS320C6x Assembler PC v7.4.18 Fri Nov 30 01:04:50 2018

Tools Copyright (c) 1996-2015 Texas Instruments Incorporated
C:\Users\INPT\AppData\Local\Temp\0098010                             PAGE    6

     276 000000bc 01800528-            MVKL    .S1     _max_freq,A3
     277 000000c0 01800068-            MVKH    .S1     _max_freq,A3
     278 000000c4 020C0254             STH     .D1T1   A4,*A3            ; |34| 
     279                            .dwpsn  file "../AutoWah.c",line 36,column 9,is_stmt
     280 000000c8 02BCC2C6             LDH     .D2T2   *+SP(12),B5       ; |36| 
     281 000000cc 023C62C6             LDH     .D2T2   *+SP(6),B4        ; |36| 
     282 000000d0 043CA2C4             LDH     .D2T1   *+SP(10),A8       ; |36| 
     283 000000d4 033D82C6             LDH     .D2T2   *+SP(24),B6       ; |36| 
     284 000000d8 01807E2A'            MVKL    .S2     $C$RL1,B3         ; |36| 
     285 000000dc 0414073A             INTDP   .L2     B5,B9:B8          ; |36| 
     286 000000e0 02101738             INTDP   .L1X    B4,A5:A4          ; |36| 
     287                    $C$DW$38        .dwtag  DW_TAG_TI_branch
     288                            .dwattr $C$DW$38, DW_AT_low_pc(0x00)
     289                            .dwattr $C$DW$38, DW_AT_name("_bp_iir_init")
     290                            .dwattr $C$DW$38, DW_AT_TI_call
     291 000000e4 0FFFE410!            CALL    .S1     _bp_iir_init      ; |36| 
     292 000000e8 023C43E6             LDDW    .D2T2   *+SP(16),B5:B4    ; |36| 
     293 000000ec 0180006A'            MVKH    .S2     $C$RL1,B3         ; |36| 
     294 000000f0 03A411A0             MV      .S1X    B9,A7             ; |36| 
     295 000000f4 03201058             MV      .L1X    B8,A6             ; |36| 
     296 000000f8 00000000             NOP             1
     297 000000fc           $C$RL1:    ; CALL OCCURS {_bp_iir_init} {0}  ; |36| 
     298                            .dwpsn  file "../AutoWah.c",line 37,column 2,is_stmt
     299 000000fc 01BD82C4             LDH     .D2T1   *+SP(24),A3       ; |37| 
     300 00000100 0200072A-            MVKL    .S2     _f_step,B4
     301 00000104 0200006A-            MVKH    .S2     _f_step,B4
     302 00000108 00002000             NOP             2
     303 0000010c 019002D4             STH     .D2T1   A3,*B4            ; |37| 
     304                            .dwpsn  file "../AutoWah.c",line 38,column 1,is_stmt
     305 00000110 01BD12E6             LDW     .D2T2   *++SP(32),B3      ; |38| 
     306 00000114 00006000             NOP             4
     307                            .dwcfi  cfa_offset, 0
     308                            .dwcfi  restore_reg, 19
     309                            .dwcfi  cfa_offset, 0
     310                    $C$DW$39        .dwtag  DW_TAG_TI_branch
     311                            .dwattr $C$DW$39, DW_AT_low_pc(0x00)
     312                            .dwattr $C$DW$39, DW_AT_TI_return
     313 00000118 000C0362             RET     .S2     B3                ; |38| 
     314 0000011c 00008000             NOP             5
     315                               ; BRANCH OCCURS {B3}              ; |38| 
     316                            .dwattr $C$DW$22, DW_AT_TI_end_file("../AutoWah.c")
     317                            .dwattr $C$DW$22, DW_AT_TI_end_line(0x26)
     318                            .dwattr $C$DW$22, DW_AT_TI_end_column(0x01)
     319                            .dwendentry
     320                            .dwendtag $C$DW$22
     321                    
     322 00000120                   .sect   ".text"
     323                            .clink
     324                            .global _AutoWah_process
     325                    
     326                    $C$DW$40        .dwtag  DW_TAG_subprogram, DW_AT_name("AutoWah_process")
     327                            .dwattr $C$DW$40, DW_AT_low_pc(_AutoWah_process)
     328                            .dwattr $C$DW$40, DW_AT_high_pc(0x00)
     329                            .dwattr $C$DW$40, DW_AT_TI_symbol_name("_AutoWah_process")
     330                            .dwattr $C$DW$40, DW_AT_external
TMS320C6x Assembler PC v7.4.18 Fri Nov 30 01:04:50 2018

Tools Copyright (c) 1996-2015 Texas Instruments Incorporated
C:\Users\INPT\AppData\Local\Temp\0098010                             PAGE    7

     331                            .dwattr $C$DW$40, DW_AT_type(*$C$DW$T$17)
     332                            .dwattr $C$DW$40, DW_AT_TI_begin_file("../AutoWah.c")
     333                            .dwattr $C$DW$40, DW_AT_TI_begin_line(0x2d)
     334                            .dwattr $C$DW$40, DW_AT_TI_begin_column(0x08)
     335                            .dwattr $C$DW$40, DW_AT_TI_max_frame_size(0x10)
     336                            .dwpsn  file "../AutoWah.c",line 45,column 33,is_stmt,address _AutoWah_process
     337                    
     338                            .dwfde $C$DW$CIE, _AutoWah_process
     339                    $C$DW$41        .dwtag  DW_TAG_formal_parameter, DW_AT_name("xin")
     340                            .dwattr $C$DW$41, DW_AT_TI_symbol_name("_xin")
     341                            .dwattr $C$DW$41, DW_AT_type(*$C$DW$T$10)
     342                            .dwattr $C$DW$41, DW_AT_location[DW_OP_reg4]
     343                    
     344                    ;******************************************************************************
     345                    ;* FUNCTION NAME: AutoWah_process                                             *
     346                    ;*                                                                            *
     347                    ;*   Regs Modified     : A0,A1,A2,A3,A4,A5,A6,A7,A8,A9,B0,B1,B2,B3,B4,B5,B6,  *
     348                    ;*                           B7,B8,B9,SP                                      *
     349                    ;*   Regs Used         : A0,A1,A2,A3,A4,A5,A6,A7,A8,A9,B0,B1,B2,B3,B4,B5,B6,  *
     350                    ;*                           B7,B8,B9,DP,SP                                   *
     351                    ;*   Local Frame Size  : 0 Args + 12 Auto + 4 Save = 16 byte                  *
     352                    ;******************************************************************************
     353 00000120           _AutoWah_process:
     354                    ;** --------------------------------------------------------------------------*
     355                            .dwcfi  cfa_offset, 0
     356                            .dwcfi  save_reg_to_reg, 228, 19
     357 00000120 01BC94F6             STW     .D2T2   B3,*SP--(16)      ; |45| 
     358                            .dwcfi  cfa_offset, 16
     359                            .dwcfi  save_reg_to_mem, 19, 0
     360                    $C$DW$42        .dwtag  DW_TAG_variable, DW_AT_name("xin")
     361                            .dwattr $C$DW$42, DW_AT_TI_symbol_name("_xin")
     362                            .dwattr $C$DW$42, DW_AT_type(*$C$DW$T$10)
     363                            .dwattr $C$DW$42, DW_AT_location[DW_OP_breg31 4]
     364                    $C$DW$43        .dwtag  DW_TAG_variable, DW_AT_name("yout")
     365                            .dwattr $C$DW$43, DW_AT_TI_symbol_name("_yout")
     366                            .dwattr $C$DW$43, DW_AT_type(*$C$DW$T$17)
     367                            .dwattr $C$DW$43, DW_AT_location[DW_OP_breg31 8]
     368 00000124 023C22F4             STW     .D2T1   A4,*+SP(4)        ; |45| 
     369                            .dwpsn  file "../AutoWah.c",line 48,column 2,is_stmt
     370 00000128 0210105A             MV      .L2X    A4,B4
     371 0000012c 0310073A             INTDP   .L2     B4,B7:B6          ; |48| 
     372                    $C$DW$44        .dwtag  DW_TAG_TI_branch
     373                            .dwattr $C$DW$44, DW_AT_low_pc(0x00)
     374                            .dwattr $C$DW$44, DW_AT_name("_bp_iir_filter")
     375                            .dwattr $C$DW$44, DW_AT_TI_call
     376 00000130 0FFFDC10!            CALL    .S1     _bp_iir_filter    ; |48| 
     377 00000134 0180A62A'            MVKL    .S2     $C$RL2,B3         ; |48| 
     378 00000138 0180006A'            MVKH    .S2     $C$RL2,B3         ; |48| 
     379 0000013c 0200082A-            MVKL    .S2     _H,B4
     380 00000140 029C1058             MV      .L1X    B7,A5             ; |48| 
     381                    
     382 00000144 02181059             MV      .L1X    B6,A4             ; |48| 
     383 00000148 0200006A- ||         MVKH    .S2     _H,B4
     384                    
     385 0000014c           $C$RL2:    ; CALL OCCURS {_bp_iir_filter} {0}  ; |48| 
TMS320C6x Assembler PC v7.4.18 Fri Nov 30 01:04:50 2018

Tools Copyright (c) 1996-2015 Texas Instruments Incorporated
C:\Users\INPT\AppData\Local\Temp\0098010                             PAGE    8

     386 0000014c 023C42F4             STW     .D2T1   A4,*+SP(8)        ; |48| 
     387 00000150 02BC62F4             STW     .D2T1   A5,*+SP(12)       ; |48| 
     388                            .dwpsn  file "../AutoWah.c",line 53,column 2,is_stmt
     389 00000154 023C23E4             LDDW    .D2T1   *+SP(8),A5:A4     ; |53| 
     390 00000158 00006000             NOP             4
     391                            .dwpsn  file "../AutoWah.c",line 54,column 1,is_stmt
     392 0000015c 01BC92E6             LDW     .D2T2   *++SP(16),B3      ; |54| 
     393 00000160 00006000             NOP             4
     394                            .dwcfi  cfa_offset, 0
     395                            .dwcfi  restore_reg, 19
     396                            .dwcfi  cfa_offset, 0
     397                    $C$DW$45        .dwtag  DW_TAG_TI_branch
     398                            .dwattr $C$DW$45, DW_AT_low_pc(0x00)
     399                            .dwattr $C$DW$45, DW_AT_TI_return
     400 00000164 000C0362             RET     .S2     B3                ; |54| 
     401 00000168 00008000             NOP             5
     402                               ; BRANCH OCCURS {B3}              ; |54| 
     403                            .dwattr $C$DW$40, DW_AT_TI_end_file("../AutoWah.c")
     404                            .dwattr $C$DW$40, DW_AT_TI_end_line(0x36)
     405                            .dwattr $C$DW$40, DW_AT_TI_end_column(0x01)
     406                            .dwendentry
     407                            .dwendtag $C$DW$40
     408                    
     409 0000016c                   .sect   ".text"
     410                            .clink
     411                            .global _AutoWah_sweep
     412                    
     413                    $C$DW$46        .dwtag  DW_TAG_subprogram, DW_AT_name("AutoWah_sweep")
     414                            .dwattr $C$DW$46, DW_AT_low_pc(_AutoWah_sweep)
     415                            .dwattr $C$DW$46, DW_AT_high_pc(0x00)
     416                            .dwattr $C$DW$46, DW_AT_TI_symbol_name("_AutoWah_sweep")
     417                            .dwattr $C$DW$46, DW_AT_external
     418                            .dwattr $C$DW$46, DW_AT_TI_begin_file("../AutoWah.c")
     419                            .dwattr $C$DW$46, DW_AT_TI_begin_line(0x3c)
     420                            .dwattr $C$DW$46, DW_AT_TI_begin_column(0x06)
     421                            .dwattr $C$DW$46, DW_AT_TI_max_frame_size(0x08)
     422                            .dwpsn  file "../AutoWah.c",line 60,column 26,is_stmt,address _AutoWah_sweep
     423                    
     424                            .dwfde $C$DW$CIE, _AutoWah_sweep
     425                    
     426                    ;******************************************************************************
     427                    ;* FUNCTION NAME: AutoWah_sweep                                               *
     428                    ;*                                                                            *
     429                    ;*   Regs Modified     : A0,A1,A2,A3,A4,A5,A6,A7,A8,A9,B0,B1,B2,B3,B4,B5,B6,  *
     430                    ;*                           B7,B8,B9,SP                                      *
     431                    ;*   Regs Used         : A0,A1,A2,A3,A4,A5,A6,A7,A8,A9,B0,B1,B2,B3,B4,B5,B6,  *
     432                    ;*                           B7,B8,B9,DP,SP                                   *
     433                    ;*   Local Frame Size  : 0 Args + 0 Auto + 4 Save = 4 byte                    *
     434                    ;******************************************************************************
     435 0000016c           _AutoWah_sweep:
     436                    ;** --------------------------------------------------------------------------*
     437                            .dwcfi  cfa_offset, 0
     438                            .dwcfi  save_reg_to_reg, 228, 19
     439 0000016c 01BC54F6             STW     .D2T2   B3,*SP--(8)       ; |60| 
     440                            .dwcfi  cfa_offset, 8
TMS320C6x Assembler PC v7.4.18 Fri Nov 30 01:04:50 2018

Tools Copyright (c) 1996-2015 Texas Instruments Incorporated
C:\Users\INPT\AppData\Local\Temp\0098010                             PAGE    9

     441                            .dwcfi  save_reg_to_mem, 19, 0
     442                            .dwpsn  file "../AutoWah.c",line 63,column 2,is_stmt
     443 00000170 01800228-            MVKL    .S1     _counter,A3
     444 00000174 01800068-            MVKH    .S1     _counter,A3
     445 00000178 020C0244             LDH     .D1T1   *A3,A4            ; |63| 
     446 0000017c 00006000             NOP             4
     447 00000180 0213E058             SUB     .L1     A4,1,A4           ; |63| 
     448 00000184 00921048             EXT     .S1     A4,16,16,A1       ; |63| 
     449 00000188 80002990     [ A1]   B       .S1     $C$L3             ; |63| 
     450 0000018c 020C0254             STH     .D1T1   A4,*A3            ; |63| 
     451 00000190 00006000             NOP             4
     452                               ; BRANCHCC OCCURS {$C$L3}         ; |63| 
     453                    ;** --------------------------------------------------------------------------*
     454                            .dwpsn  file "../AutoWah.c",line 64,column 3,is_stmt
     455 00000194 01800428-            MVKL    .S1     _control,A3
     456 00000198 01800068-            MVKH    .S1     _control,A3
     457 0000019c 008C0244             LDH     .D1T1   *A3,A1            ; |64| 
     458 000001a0 00006000             NOP             4
     459 000001a4 80001190     [ A1]   B       .S1     $C$L1             ; |64| 
     460 000001a8 00008000             NOP             5
     461                               ; BRANCHCC OCCURS {$C$L1}         ; |64| 
     462                    ;** --------------------------------------------------------------------------*
     463                            .dwpsn  file "../AutoWah.c",line 65,column 4,is_stmt
     464                    
     465 000001ac 0200072B-            MVKL    .S2     _f_step,B4
     466 000001b0 01800028- ||         MVKL    .S1     _center_freq,A3
     467                    
     468 000001b4 0200006B-            MVKH    .S2     _f_step,B4
     469 000001b8 01800068- ||         MVKH    .S1     _center_freq,A3
     470                    
     471 000001c0 028C0245             LDH     .D1T1   *A3,A5            ; |65| 
     472 000001c4 021002C6  ||         LDH     .D2T2   *B4,B4            ; |65| 
     473                    
     474                    $C$DW$47        .dwtag  DW_TAG_TI_branch
     475                            .dwattr $C$DW$47, DW_AT_low_pc(0x00)
     476                            .dwattr $C$DW$47, DW_AT_name("_bp_iir_setup")
     477                            .dwattr $C$DW$47, DW_AT_TI_call
     478 000001c8 0FFFC810!            CALL    .S1     _bp_iir_setup     ; |65| 
     479 000001cc 0180F62A'            MVKL    .S2     $C$RL3,B3         ; |65| 
     480 000001d0 02000828-            MVKL    .S1     _H,A4
     481 000001d4 0180006A'            MVKH    .S2     $C$RL3,B3         ; |65| 
     482 000001d8 0294907A             ADD     .L2X    B4,A5,B5          ; |65| 
     483                    
     484 000001e0 028C0257             STH     .D1T2   B5,*A3            ; |65| 
     485 000001e4 0216104B  ||         EXT     .S2     B5,16,16,B4       ; |65| 
     486 000001e8 02000068- ||         MVKH    .S1     _H,A4
     487                    
     488 000001ec           $C$RL3:    ; CALL OCCURS {_bp_iir_setup} {0}  ; |65| 
     489                            .dwpsn  file "../AutoWah.c",line 66,column 4,is_stmt
     490 000001ec 02000528-            MVKL    .S1     _max_freq,A4
     491 000001f0 01800028-            MVKL    .S1     _center_freq,A3
     492 000001f4 02000068-            MVKH    .S1     _max_freq,A4
     493                    
     494 000001f8 01800069-            MVKH    .S1     _center_freq,A3
     495 000001fc 02100244  ||         LDH     .D1T1   *A4,A4            ; |66| 
TMS320C6x Assembler PC v7.4.18 Fri Nov 30 01:04:50 2018

Tools Copyright (c) 1996-2015 Texas Instruments Incorporated
C:\Users\INPT\AppData\Local\Temp\0098010                             PAGE   10

     496                    
     497 00000200 018C0244             LDH     .D1T1   *A3,A3            ; |66| 
     498 00000204 00006000             NOP             4
     499 00000208 009068F8             CMPGT   .L1     A3,A4,A1          ; |66| 
     500 0000020c 90001610     [!A1]   B       .S1     $C$L2             ; |66| 
     501 00000210 00008000             NOP             5
     502                               ; BRANCHCC OCCURS {$C$L2}         ; |66| 
     503                    ;** --------------------------------------------------------------------------*
     504                            .dwpsn  file "../AutoWah.c",line 67,column 5,is_stmt
     505 00000214 01800428-            MVKL    .S1     _control,A3
     506                    
     507 00000218 01800069-            MVKH    .S1     _control,A3
     508 0000021c 020000AA  ||         MVK     .S2     1,B4              ; |67| 
     509                    
     510 00000220 020C0256             STH     .D1T2   B4,*A3            ; |67| 
     511                            .dwpsn  file "../AutoWah.c",line 69,column 3,is_stmt
     512 00000224 00001210             B       .S1     $C$L2             ; |69| 
     513 00000228 00008000             NOP             5
     514                               ; BRANCH OCCURS {$C$L2}           ; |69| 
     515                    ;** --------------------------------------------------------------------------*
     516 0000022c           $C$L1:    
     517                            .dwpsn  file "../AutoWah.c",line 70,column 8,is_stmt
     518 0000022c 008C0244             LDH     .D1T1   *A3,A1            ; |70| 
     519 00000230 00006000             NOP             4
     520 00000234 90001210     [!A1]   B       .S1     $C$L2             ; |70| 
     521 00000238 00008000             NOP             5
     522                               ; BRANCHCC OCCURS {$C$L2}         ; |70| 
     523                    ;** --------------------------------------------------------------------------*
     524                            .dwpsn  file "../AutoWah.c",line 71,column 4,is_stmt
     525                    
     526 00000240 0200072B-            MVKL    .S2     _f_step,B4
     527 00000244 01800028- ||         MVKL    .S1     _center_freq,A3
     528                    
     529 00000248 0200006B-            MVKH    .S2     _f_step,B4
     530 0000024c 01800068- ||         MVKH    .S1     _center_freq,A3
     531                    
     532 00000250 028C0245             LDH     .D1T1   *A3,A5            ; |71| 
     533 00000254 021002C6  ||         LDH     .D2T2   *B4,B4            ; |71| 
     534                    
     535                    $C$DW$48        .dwtag  DW_TAG_TI_branch
     536                            .dwattr $C$DW$48, DW_AT_low_pc(0x00)
     537                            .dwattr $C$DW$48, DW_AT_name("_bp_iir_setup")
     538                            .dwattr $C$DW$48, DW_AT_TI_call
     539 00000258 0FFFB810!            CALL    .S1     _bp_iir_setup     ; |71| 
     540 0000025c 01813C2A'            MVKL    .S2     $C$RL4,B3         ; |71| 
     541 00000260 02000828-            MVKL    .S1     _H,A4
     542 00000264 0180006A'            MVKH    .S2     $C$RL4,B3         ; |71| 
     543 00000268 0290B2FA             SUB     .L2X    A5,B4,B5          ; |71| 
     544                    
     545 0000026c 028C0257             STH     .D1T2   B5,*A3            ; |71| 
     546 00000270 0216104B  ||         EXT     .S2     B5,16,16,B4       ; |71| 
     547 00000274 02000068- ||         MVKH    .S1     _H,A4
     548                    
     549 00000278           $C$RL4:    ; CALL OCCURS {_bp_iir_setup} {0}  ; |71| 
     550                            .dwpsn  file "../AutoWah.c",line 72,column 4,is_stmt
TMS320C6x Assembler PC v7.4.18 Fri Nov 30 01:04:50 2018

Tools Copyright (c) 1996-2015 Texas Instruments Incorporated
C:\Users\INPT\AppData\Local\Temp\0098010                             PAGE   11

     551 00000278 01800628-            MVKL    .S1     _min_freq,A3
     552 0000027c 02000028-            MVKL    .S1     _center_freq,A4
     553 00000280 01800068-            MVKH    .S1     _min_freq,A3
     554                    
     555 00000284 02000069-            MVKH    .S1     _center_freq,A4
     556 00000288 018C0244  ||         LDH     .D1T1   *A3,A3            ; |72| 
     557                    
     558 0000028c 02100244             LDH     .D1T1   *A4,A4            ; |72| 
     559 00000290 00006000             NOP             4
     560 00000294 008C8A78             CMPEQ   .L1     A4,A3,A1          ; |72| 
     561 00000298 90000610     [!A1]   B       .S1     $C$L2             ; |72| 
     562 0000029c 00008000             NOP             5
     563                               ; BRANCHCC OCCURS {$C$L2}         ; |72| 
     564                    ;** --------------------------------------------------------------------------*
     565                            .dwpsn  file "../AutoWah.c",line 73,column 5,is_stmt
     566 000002a0 02000428-            MVKL    .S1     _control,A4
     567                    
     568 000002a4 02000069-            MVKH    .S1     _control,A4
     569 000002a8 018000F8  ||         ZERO    .L1     A3                ; |73| 
     570                    
     571 000002ac 01900254             STH     .D1T1   A3,*A4            ; |73| 
     572                    ;** --------------------------------------------------------------------------*
     573 000002b0           $C$L2:    
     574                            .dwpsn  file "../AutoWah.c",line 77,column 3,is_stmt
     575 000002b0 01800328-            MVKL    .S1     _counter_limit,A3
     576 000002b4 01800068-            MVKH    .S1     _counter_limit,A3
     577 000002b8 018C0244             LDH     .D1T1   *A3,A3            ; |77| 
     578 000002bc 0200022A-            MVKL    .S2     _counter,B4
     579 000002c0 0200006A-            MVKH    .S2     _counter,B4
     580 000002c4 00002000             NOP             2
     581 000002c8 019002D4             STH     .D2T1   A3,*B4            ; |77| 
     582                            .dwpsn  file "../AutoWah.c",line 79,column 1,is_stmt
     583                    ;** --------------------------------------------------------------------------*
     584 000002cc           $C$L3:    
     585 000002cc 01BC52E6             LDW     .D2T2   *++SP(8),B3       ; |79| 
     586 000002d0 00006000             NOP             4
     587                            .dwcfi  cfa_offset, 0
     588                            .dwcfi  restore_reg, 19
     589                            .dwcfi  cfa_offset, 0
     590                    $C$DW$49        .dwtag  DW_TAG_TI_branch
     591                            .dwattr $C$DW$49, DW_AT_low_pc(0x00)
     592                            .dwattr $C$DW$49, DW_AT_TI_return
     593 000002d4 000C0362             RET     .S2     B3                ; |79| 
     594 000002d8 00008000             NOP             5
     595                               ; BRANCH OCCURS {B3}              ; |79| 
     596                            .dwattr $C$DW$46, DW_AT_TI_end_file("../AutoWah.c")
     597                            .dwattr $C$DW$46, DW_AT_TI_end_line(0x4f)
     598                            .dwattr $C$DW$46, DW_AT_TI_end_column(0x01)
     599                            .dwendentry
     600                            .dwendtag $C$DW$46
     601                    
     602                    ;*****************************************************************************
     603                    ;* UNDEFINED EXTERNAL REFERENCES                                             *
     604                    ;*****************************************************************************
     605                            .global _bp_iir_init
TMS320C6x Assembler PC v7.4.18 Fri Nov 30 01:04:50 2018

Tools Copyright (c) 1996-2015 Texas Instruments Incorporated
C:\Users\INPT\AppData\Local\Temp\0098010                             PAGE   12

     606                            .global _bp_iir_setup
     607                            .global _bp_iir_filter
     608                            .global __divi
     609                    
     610                    ;******************************************************************************
     611                    ;* BUILD ATTRIBUTES                                                           *
     612                    ;******************************************************************************
     613                            .battr "TI", Tag_File, 1, Tag_ABI_stack_align_needed(0)
     614                            .battr "TI", Tag_File, 1, Tag_ABI_stack_align_preserved(0)
     615                            .battr "TI", Tag_File, 1, Tag_Tramps_Use_SOC(0)
     616                    
     617                    ;******************************************************************************
     618                    ;* TYPE INFORMATION                                                           *
     619                    ;******************************************************************************
     620                    $C$DW$T$4       .dwtag  DW_TAG_base_type
     621                            .dwattr $C$DW$T$4, DW_AT_encoding(DW_ATE_boolean)
     622                            .dwattr $C$DW$T$4, DW_AT_name("bool")
     623                            .dwattr $C$DW$T$4, DW_AT_byte_size(0x01)
     624                    $C$DW$T$5       .dwtag  DW_TAG_base_type
     625                            .dwattr $C$DW$T$5, DW_AT_encoding(DW_ATE_signed_char)
     626                            .dwattr $C$DW$T$5, DW_AT_name("signed char")
     627                            .dwattr $C$DW$T$5, DW_AT_byte_size(0x01)
     628                    $C$DW$T$6       .dwtag  DW_TAG_base_type
     629                            .dwattr $C$DW$T$6, DW_AT_encoding(DW_ATE_unsigned_char)
     630                            .dwattr $C$DW$T$6, DW_AT_name("unsigned char")
     631                            .dwattr $C$DW$T$6, DW_AT_byte_size(0x01)
     632                    $C$DW$T$7       .dwtag  DW_TAG_base_type
     633                            .dwattr $C$DW$T$7, DW_AT_encoding(DW_ATE_signed_char)
     634                            .dwattr $C$DW$T$7, DW_AT_name("wchar_t")
     635                            .dwattr $C$DW$T$7, DW_AT_byte_size(0x02)
     636                    $C$DW$T$8       .dwtag  DW_TAG_base_type
     637                            .dwattr $C$DW$T$8, DW_AT_encoding(DW_ATE_signed)
     638                            .dwattr $C$DW$T$8, DW_AT_name("short")
     639                            .dwattr $C$DW$T$8, DW_AT_byte_size(0x02)
     640                    $C$DW$T$9       .dwtag  DW_TAG_base_type
     641                            .dwattr $C$DW$T$9, DW_AT_encoding(DW_ATE_unsigned)
     642                            .dwattr $C$DW$T$9, DW_AT_name("unsigned short")
     643                            .dwattr $C$DW$T$9, DW_AT_byte_size(0x02)
     644                    $C$DW$T$10      .dwtag  DW_TAG_base_type
     645                            .dwattr $C$DW$T$10, DW_AT_encoding(DW_ATE_signed)
     646                            .dwattr $C$DW$T$10, DW_AT_name("int")
     647                            .dwattr $C$DW$T$10, DW_AT_byte_size(0x04)
     648                    $C$DW$T$11      .dwtag  DW_TAG_base_type
     649                            .dwattr $C$DW$T$11, DW_AT_encoding(DW_ATE_unsigned)
     650                            .dwattr $C$DW$T$11, DW_AT_name("unsigned int")
     651                            .dwattr $C$DW$T$11, DW_AT_byte_size(0x04)
     652                    $C$DW$T$12      .dwtag  DW_TAG_base_type
     653                            .dwattr $C$DW$T$12, DW_AT_encoding(DW_ATE_signed)
     654                            .dwattr $C$DW$T$12, DW_AT_name("long")
     655                            .dwattr $C$DW$T$12, DW_AT_byte_size(0x08)
     656                            .dwattr $C$DW$T$12, DW_AT_bit_size(0x28)
     657                            .dwattr $C$DW$T$12, DW_AT_bit_offset(0x18)
     658                    $C$DW$T$13      .dwtag  DW_TAG_base_type
     659                            .dwattr $C$DW$T$13, DW_AT_encoding(DW_ATE_unsigned)
     660                            .dwattr $C$DW$T$13, DW_AT_name("unsigned long")
TMS320C6x Assembler PC v7.4.18 Fri Nov 30 01:04:50 2018

Tools Copyright (c) 1996-2015 Texas Instruments Incorporated
C:\Users\INPT\AppData\Local\Temp\0098010                             PAGE   13

     661                            .dwattr $C$DW$T$13, DW_AT_byte_size(0x08)
     662                            .dwattr $C$DW$T$13, DW_AT_bit_size(0x28)
     663                            .dwattr $C$DW$T$13, DW_AT_bit_offset(0x18)
     664                    $C$DW$T$14      .dwtag  DW_TAG_base_type
     665                            .dwattr $C$DW$T$14, DW_AT_encoding(DW_ATE_signed)
     666                            .dwattr $C$DW$T$14, DW_AT_name("long long")
     667                            .dwattr $C$DW$T$14, DW_AT_byte_size(0x08)
     668                    $C$DW$T$15      .dwtag  DW_TAG_base_type
     669                            .dwattr $C$DW$T$15, DW_AT_encoding(DW_ATE_unsigned)
     670                            .dwattr $C$DW$T$15, DW_AT_name("unsigned long long")
     671                            .dwattr $C$DW$T$15, DW_AT_byte_size(0x08)
     672                    $C$DW$T$16      .dwtag  DW_TAG_base_type
     673                            .dwattr $C$DW$T$16, DW_AT_encoding(DW_ATE_float)
     674                            .dwattr $C$DW$T$16, DW_AT_name("float")
     675                            .dwattr $C$DW$T$16, DW_AT_byte_size(0x04)
     676                    $C$DW$T$17      .dwtag  DW_TAG_base_type
     677                            .dwattr $C$DW$T$17, DW_AT_encoding(DW_ATE_float)
     678                            .dwattr $C$DW$T$17, DW_AT_name("double")
     679                            .dwattr $C$DW$T$17, DW_AT_byte_size(0x08)
     680                    
     681                    $C$DW$T$19      .dwtag  DW_TAG_array_type
     682                            .dwattr $C$DW$T$19, DW_AT_type(*$C$DW$T$17)
     683                            .dwattr $C$DW$T$19, DW_AT_language(DW_LANG_C)
     684                            .dwattr $C$DW$T$19, DW_AT_byte_size(0x18)
     685                    $C$DW$50        .dwtag  DW_TAG_subrange_type
     686                            .dwattr $C$DW$50, DW_AT_upper_bound(0x02)
     687                            .dwendtag $C$DW$T$19
     688                    
     689                    $C$DW$T$18      .dwtag  DW_TAG_base_type
     690                            .dwattr $C$DW$T$18, DW_AT_encoding(DW_ATE_float)
     691                            .dwattr $C$DW$T$18, DW_AT_name("long double")
     692                            .dwattr $C$DW$T$18, DW_AT_byte_size(0x08)
     693                    
     694                    $C$DW$T$20      .dwtag  DW_TAG_structure_type
     695                            .dwattr $C$DW$T$20, DW_AT_name("bp_filter")
     696                            .dwattr $C$DW$T$20, DW_AT_byte_size(0x58)
     697                    $C$DW$51        .dwtag  DW_TAG_member
     698                            .dwattr $C$DW$51, DW_AT_type(*$C$DW$T$17)
     699                            .dwattr $C$DW$51, DW_AT_name("e")
     700                            .dwattr $C$DW$51, DW_AT_TI_symbol_name("_e")
     701                            .dwattr $C$DW$51, DW_AT_data_member_location[DW_OP_plus_uconst 0x0]
     702                            .dwattr $C$DW$51, DW_AT_accessibility(DW_ACCESS_public)
     703                    $C$DW$52        .dwtag  DW_TAG_member
     704                            .dwattr $C$DW$52, DW_AT_type(*$C$DW$T$17)
     705                            .dwattr $C$DW$52, DW_AT_name("p")
     706                            .dwattr $C$DW$52, DW_AT_TI_symbol_name("_p")
     707                            .dwattr $C$DW$52, DW_AT_data_member_location[DW_OP_plus_uconst 0x8]
     708                            .dwattr $C$DW$52, DW_AT_accessibility(DW_ACCESS_public)
     709                    $C$DW$53        .dwtag  DW_TAG_member
     710                            .dwattr $C$DW$53, DW_AT_type(*$C$DW$T$19)
     711                            .dwattr $C$DW$53, DW_AT_name("d")
     712                            .dwattr $C$DW$53, DW_AT_TI_symbol_name("_d")
     713                            .dwattr $C$DW$53, DW_AT_data_member_location[DW_OP_plus_uconst 0x10]
     714                            .dwattr $C$DW$53, DW_AT_accessibility(DW_ACCESS_public)
     715                    $C$DW$54        .dwtag  DW_TAG_member
TMS320C6x Assembler PC v7.4.18 Fri Nov 30 01:04:50 2018

Tools Copyright (c) 1996-2015 Texas Instruments Incorporated
C:\Users\INPT\AppData\Local\Temp\0098010                             PAGE   14

     716                            .dwattr $C$DW$54, DW_AT_type(*$C$DW$T$19)
     717                            .dwattr $C$DW$54, DW_AT_name("x")
     718                            .dwattr $C$DW$54, DW_AT_TI_symbol_name("_x")
     719                            .dwattr $C$DW$54, DW_AT_data_member_location[DW_OP_plus_uconst 0x28]
     720                            .dwattr $C$DW$54, DW_AT_accessibility(DW_ACCESS_public)
     721                    $C$DW$55        .dwtag  DW_TAG_member
     722                            .dwattr $C$DW$55, DW_AT_type(*$C$DW$T$19)
     723                            .dwattr $C$DW$55, DW_AT_name("y")
     724                            .dwattr $C$DW$55, DW_AT_TI_symbol_name("_y")
     725                            .dwattr $C$DW$55, DW_AT_data_member_location[DW_OP_plus_uconst 0x40]
     726                            .dwattr $C$DW$55, DW_AT_accessibility(DW_ACCESS_public)
     727                            .dwendtag $C$DW$T$20
     728                    
     729                    $C$DW$T$23      .dwtag  DW_TAG_pointer_type
     730                            .dwattr $C$DW$T$23, DW_AT_type(*$C$DW$T$20)
     731                            .dwattr $C$DW$T$23, DW_AT_address_class(0x20)
     732                            .dwattr $C$DW$CU, DW_AT_language(DW_LANG_C)
     733                    
     734                    ;***************************************************************
     735                    ;* DWARF CIE ENTRIES                                           *
     736                    ;***************************************************************
     737                    
     738                    $C$DW$CIE       .dwcie 228
     739                            .dwcfi  cfa_register, 31
     740                            .dwcfi  cfa_offset, 0
     741                            .dwcfi  undefined, 0
     742                            .dwcfi  undefined, 1
     743                            .dwcfi  undefined, 2
     744                            .dwcfi  undefined, 3
     745                            .dwcfi  undefined, 4
     746                            .dwcfi  undefined, 5
     747                            .dwcfi  undefined, 6
     748                            .dwcfi  undefined, 7
     749                            .dwcfi  undefined, 8
     750                            .dwcfi  undefined, 9
     751                            .dwcfi  same_value, 10
     752                            .dwcfi  same_value, 11
     753                            .dwcfi  same_value, 12
     754                            .dwcfi  same_value, 13
     755                            .dwcfi  same_value, 14
     756                            .dwcfi  same_value, 15
     757                            .dwcfi  undefined, 16
     758                            .dwcfi  undefined, 17
     759                            .dwcfi  undefined, 18
     760                            .dwcfi  undefined, 19
     761                            .dwcfi  undefined, 20
     762                            .dwcfi  undefined, 21
     763                            .dwcfi  undefined, 22
     764                            .dwcfi  undefined, 23
     765                            .dwcfi  undefined, 24
     766                            .dwcfi  undefined, 25
     767                            .dwcfi  same_value, 26
     768                            .dwcfi  same_value, 27
     769                            .dwcfi  same_value, 28
     770                            .dwcfi  same_value, 29
TMS320C6x Assembler PC v7.4.18 Fri Nov 30 01:04:50 2018

Tools Copyright (c) 1996-2015 Texas Instruments Incorporated
C:\Users\INPT\AppData\Local\Temp\0098010                             PAGE   15

     771                            .dwcfi  same_value, 30
     772                            .dwcfi  same_value, 31
     773                            .dwcfi  same_value, 32
     774                            .dwcfi  undefined, 33
     775                            .dwcfi  undefined, 34
     776                            .dwcfi  undefined, 35
     777                            .dwcfi  undefined, 36
     778                            .dwcfi  undefined, 37
     779                            .dwcfi  undefined, 38
     780                            .dwcfi  undefined, 39
     781                            .dwcfi  undefined, 40
     782                            .dwcfi  undefined, 41
     783                            .dwcfi  undefined, 42
     784                            .dwcfi  undefined, 43
     785                            .dwcfi  undefined, 44
     786                            .dwcfi  undefined, 45
     787                            .dwcfi  undefined, 46
     788                            .dwcfi  undefined, 47
     789                            .dwcfi  undefined, 48
     790                            .dwcfi  undefined, 49
     791                            .dwcfi  undefined, 50
     792                            .dwcfi  undefined, 51
     793                            .dwcfi  undefined, 52
     794                            .dwcfi  undefined, 53
     795                            .dwcfi  undefined, 54
     796                            .dwcfi  undefined, 55
     797                            .dwcfi  undefined, 56
     798                            .dwcfi  undefined, 57
     799                            .dwcfi  undefined, 58
     800                            .dwcfi  undefined, 59
     801                            .dwcfi  undefined, 60
     802                            .dwcfi  undefined, 61
     803                            .dwcfi  undefined, 62
     804                            .dwcfi  undefined, 63
     805                            .dwcfi  undefined, 64
     806                            .dwcfi  undefined, 65
     807                            .dwcfi  undefined, 66
     808                            .dwcfi  undefined, 67
     809                            .dwcfi  undefined, 68
     810                            .dwcfi  undefined, 69
     811                            .dwcfi  undefined, 70
     812                            .dwcfi  undefined, 71
     813                            .dwcfi  undefined, 72
     814                            .dwcfi  undefined, 73
     815                            .dwcfi  undefined, 74
     816                            .dwcfi  undefined, 75
     817                            .dwcfi  undefined, 76
     818                            .dwcfi  undefined, 77
     819                            .dwcfi  undefined, 78
     820                            .dwcfi  undefined, 79
     821                            .dwcfi  undefined, 80
     822                            .dwcfi  undefined, 81
     823                            .dwcfi  undefined, 82
     824                            .dwcfi  undefined, 83
     825                            .dwcfi  undefined, 84
TMS320C6x Assembler PC v7.4.18 Fri Nov 30 01:04:50 2018

Tools Copyright (c) 1996-2015 Texas Instruments Incorporated
C:\Users\INPT\AppData\Local\Temp\0098010                             PAGE   16

     826                            .dwcfi  undefined, 85
     827                            .dwcfi  undefined, 86
     828                            .dwcfi  undefined, 87
     829                            .dwcfi  undefined, 88
     830                            .dwcfi  undefined, 89
     831                            .dwcfi  undefined, 90
     832                            .dwcfi  undefined, 91
     833                            .dwcfi  undefined, 92
     834                            .dwcfi  undefined, 93
     835                            .dwcfi  undefined, 94
     836                            .dwcfi  undefined, 95
     837                            .dwcfi  undefined, 96
     838                            .dwcfi  undefined, 97
     839                            .dwcfi  undefined, 98
     840                            .dwcfi  undefined, 99
     841                            .dwcfi  undefined, 100
     842                            .dwcfi  undefined, 101
     843                            .dwcfi  undefined, 102
     844                            .dwcfi  undefined, 103
     845                            .dwcfi  undefined, 104
     846                            .dwcfi  undefined, 105
     847                            .dwcfi  undefined, 106
     848                            .dwcfi  undefined, 107
     849                            .dwcfi  undefined, 108
     850                            .dwcfi  undefined, 109
     851                            .dwcfi  undefined, 110
     852                            .dwcfi  undefined, 111
     853                            .dwcfi  undefined, 112
     854                            .dwcfi  undefined, 113
     855                            .dwcfi  undefined, 114
     856                            .dwcfi  undefined, 115
     857                            .dwcfi  undefined, 116
     858                            .dwcfi  undefined, 117
     859                            .dwcfi  undefined, 118
     860                            .dwcfi  undefined, 119
     861                            .dwcfi  undefined, 120
     862                            .dwcfi  undefined, 121
     863                            .dwcfi  undefined, 122
     864                            .dwcfi  undefined, 123
     865                            .dwcfi  undefined, 124
     866                            .dwcfi  undefined, 125
     867                            .dwcfi  undefined, 126
     868                            .dwcfi  undefined, 127
     869                            .dwcfi  undefined, 128
     870                            .dwcfi  undefined, 129
     871                            .dwcfi  undefined, 130
     872                            .dwcfi  undefined, 131
     873                            .dwcfi  undefined, 132
     874                            .dwcfi  undefined, 133
     875                            .dwcfi  undefined, 134
     876                            .dwcfi  undefined, 135
     877                            .dwcfi  undefined, 136
     878                            .dwcfi  undefined, 137
     879                            .dwcfi  undefined, 138
     880                            .dwcfi  undefined, 139
TMS320C6x Assembler PC v7.4.18 Fri Nov 30 01:04:50 2018

Tools Copyright (c) 1996-2015 Texas Instruments Incorporated
C:\Users\INPT\AppData\Local\Temp\0098010                             PAGE   17

     881                            .dwcfi  undefined, 140
     882                            .dwcfi  undefined, 141
     883                            .dwcfi  undefined, 142
     884                            .dwcfi  undefined, 143
     885                            .dwcfi  undefined, 144
     886                            .dwcfi  undefined, 145
     887                            .dwcfi  undefined, 146
     888                            .dwcfi  undefined, 147
     889                            .dwcfi  undefined, 148
     890                            .dwcfi  undefined, 149
     891                            .dwcfi  undefined, 150
     892                            .dwcfi  undefined, 151
     893                            .dwcfi  undefined, 152
     894                            .dwcfi  undefined, 153
     895                            .dwcfi  undefined, 154
     896                            .dwcfi  undefined, 155
     897                            .dwcfi  undefined, 156
     898                            .dwcfi  undefined, 157
     899                            .dwcfi  undefined, 158
     900                            .dwcfi  undefined, 159
     901                            .dwcfi  undefined, 160
     902                            .dwcfi  undefined, 161
     903                            .dwcfi  undefined, 162
     904                            .dwcfi  undefined, 163
     905                            .dwcfi  undefined, 164
     906                            .dwcfi  undefined, 165
     907                            .dwcfi  undefined, 166
     908                            .dwcfi  undefined, 167
     909                            .dwcfi  undefined, 168
     910                            .dwcfi  undefined, 169
     911                            .dwcfi  undefined, 170
     912                            .dwcfi  undefined, 171
     913                            .dwcfi  undefined, 172
     914                            .dwcfi  undefined, 173
     915                            .dwcfi  undefined, 174
     916                            .dwcfi  undefined, 175
     917                            .dwcfi  undefined, 176
     918                            .dwcfi  undefined, 177
     919                            .dwcfi  undefined, 178
     920                            .dwcfi  undefined, 179
     921                            .dwcfi  undefined, 180
     922                            .dwcfi  undefined, 181
     923                            .dwcfi  undefined, 182
     924                            .dwcfi  undefined, 183
     925                            .dwcfi  undefined, 184
     926                            .dwcfi  undefined, 185
     927                            .dwcfi  undefined, 186
     928                            .dwcfi  undefined, 187
     929                            .dwcfi  undefined, 188
     930                            .dwcfi  undefined, 189
     931                            .dwcfi  undefined, 190
     932                            .dwcfi  undefined, 191
     933                            .dwcfi  undefined, 192
     934                            .dwcfi  undefined, 193
     935                            .dwcfi  undefined, 194
TMS320C6x Assembler PC v7.4.18 Fri Nov 30 01:04:50 2018

Tools Copyright (c) 1996-2015 Texas Instruments Incorporated
C:\Users\INPT\AppData\Local\Temp\0098010                             PAGE   18

     936                            .dwcfi  undefined, 195
     937                            .dwcfi  undefined, 196
     938                            .dwcfi  undefined, 197
     939                            .dwcfi  undefined, 198
     940                            .dwcfi  undefined, 199
     941                            .dwcfi  undefined, 200
     942                            .dwcfi  undefined, 201
     943                            .dwcfi  undefined, 202
     944                            .dwcfi  undefined, 203
     945                            .dwcfi  undefined, 204
     946                            .dwcfi  undefined, 205
     947                            .dwcfi  undefined, 206
     948                            .dwcfi  undefined, 207
     949                            .dwcfi  undefined, 208
     950                            .dwcfi  undefined, 209
     951                            .dwcfi  undefined, 210
     952                            .dwcfi  undefined, 211
     953                            .dwcfi  undefined, 212
     954                            .dwcfi  undefined, 213
     955                            .dwcfi  undefined, 214
     956                            .dwcfi  undefined, 215
     957                            .dwcfi  undefined, 216
     958                            .dwcfi  undefined, 217
     959                            .dwcfi  undefined, 218
     960                            .dwcfi  undefined, 219
     961                            .dwcfi  undefined, 220
     962                            .dwcfi  undefined, 221
     963                            .dwcfi  undefined, 222
     964                            .dwcfi  undefined, 223
     965                            .dwcfi  undefined, 224
     966                            .dwcfi  undefined, 225
     967                            .dwcfi  undefined, 226
     968                            .dwcfi  undefined, 227
     969                            .dwcfi  undefined, 228
     970                            .dwendentry
     971                    
     972                    ;***************************************************************
     973                    ;* DWARF REGISTER MAP                                          *
     974                    ;***************************************************************
     975                    
     976                    $C$DW$56        .dwtag  DW_TAG_TI_assign_register, DW_AT_name("A0")
     977                            .dwattr $C$DW$56, DW_AT_location[DW_OP_reg0]
     978                    $C$DW$57        .dwtag  DW_TAG_TI_assign_register, DW_AT_name("A1")
     979                            .dwattr $C$DW$57, DW_AT_location[DW_OP_reg1]
     980                    $C$DW$58        .dwtag  DW_TAG_TI_assign_register, DW_AT_name("A2")
     981                            .dwattr $C$DW$58, DW_AT_location[DW_OP_reg2]
     982                    $C$DW$59        .dwtag  DW_TAG_TI_assign_register, DW_AT_name("A3")
     983                            .dwattr $C$DW$59, DW_AT_location[DW_OP_reg3]
     984                    $C$DW$60        .dwtag  DW_TAG_TI_assign_register, DW_AT_name("A4")
     985                            .dwattr $C$DW$60, DW_AT_location[DW_OP_reg4]
     986                    $C$DW$61        .dwtag  DW_TAG_TI_assign_register, DW_AT_name("A5")
     987                            .dwattr $C$DW$61, DW_AT_location[DW_OP_reg5]
     988                    $C$DW$62        .dwtag  DW_TAG_TI_assign_register, DW_AT_name("A6")
     989                            .dwattr $C$DW$62, DW_AT_location[DW_OP_reg6]
     990                    $C$DW$63        .dwtag  DW_TAG_TI_assign_register, DW_AT_name("A7")
TMS320C6x Assembler PC v7.4.18 Fri Nov 30 01:04:50 2018

Tools Copyright (c) 1996-2015 Texas Instruments Incorporated
C:\Users\INPT\AppData\Local\Temp\0098010                             PAGE   19

     991                            .dwattr $C$DW$63, DW_AT_location[DW_OP_reg7]
     992                    $C$DW$64        .dwtag  DW_TAG_TI_assign_register, DW_AT_name("A8")
     993                            .dwattr $C$DW$64, DW_AT_location[DW_OP_reg8]
     994                    $C$DW$65        .dwtag  DW_TAG_TI_assign_register, DW_AT_name("A9")
     995                            .dwattr $C$DW$65, DW_AT_location[DW_OP_reg9]
     996                    $C$DW$66        .dwtag  DW_TAG_TI_assign_register, DW_AT_name("A10")
     997                            .dwattr $C$DW$66, DW_AT_location[DW_OP_reg10]
     998                    $C$DW$67        .dwtag  DW_TAG_TI_assign_register, DW_AT_name("A11")
     999                            .dwattr $C$DW$67, DW_AT_location[DW_OP_reg11]
    1000                    $C$DW$68        .dwtag  DW_TAG_TI_assign_register, DW_AT_name("A12")
    1001                            .dwattr $C$DW$68, DW_AT_location[DW_OP_reg12]
    1002                    $C$DW$69        .dwtag  DW_TAG_TI_assign_register, DW_AT_name("A13")
    1003                            .dwattr $C$DW$69, DW_AT_location[DW_OP_reg13]
    1004                    $C$DW$70        .dwtag  DW_TAG_TI_assign_register, DW_AT_name("A14")
    1005                            .dwattr $C$DW$70, DW_AT_location[DW_OP_reg14]
    1006                    $C$DW$71        .dwtag  DW_TAG_TI_assign_register, DW_AT_name("A15")
    1007                            .dwattr $C$DW$71, DW_AT_location[DW_OP_reg15]
    1008                    $C$DW$72        .dwtag  DW_TAG_TI_assign_register, DW_AT_name("B0")
    1009                            .dwattr $C$DW$72, DW_AT_location[DW_OP_reg16]
    1010                    $C$DW$73        .dwtag  DW_TAG_TI_assign_register, DW_AT_name("B1")
    1011                            .dwattr $C$DW$73, DW_AT_location[DW_OP_reg17]
    1012                    $C$DW$74        .dwtag  DW_TAG_TI_assign_register, DW_AT_name("B2")
    1013                            .dwattr $C$DW$74, DW_AT_location[DW_OP_reg18]
    1014                    $C$DW$75        .dwtag  DW_TAG_TI_assign_register, DW_AT_name("B3")
    1015                            .dwattr $C$DW$75, DW_AT_location[DW_OP_reg19]
    1016                    $C$DW$76        .dwtag  DW_TAG_TI_assign_register, DW_AT_name("B4")
    1017                            .dwattr $C$DW$76, DW_AT_location[DW_OP_reg20]
    1018                    $C$DW$77        .dwtag  DW_TAG_TI_assign_register, DW_AT_name("B5")
    1019                            .dwattr $C$DW$77, DW_AT_location[DW_OP_reg21]
    1020                    $C$DW$78        .dwtag  DW_TAG_TI_assign_register, DW_AT_name("B6")
    1021                            .dwattr $C$DW$78, DW_AT_location[DW_OP_reg22]
    1022                    $C$DW$79        .dwtag  DW_TAG_TI_assign_register, DW_AT_name("B7")
    1023                            .dwattr $C$DW$79, DW_AT_location[DW_OP_reg23]
    1024                    $C$DW$80        .dwtag  DW_TAG_TI_assign_register, DW_AT_name("B8")
    1025                            .dwattr $C$DW$80, DW_AT_location[DW_OP_reg24]
    1026                    $C$DW$81        .dwtag  DW_TAG_TI_assign_register, DW_AT_name("B9")
    1027                            .dwattr $C$DW$81, DW_AT_location[DW_OP_reg25]
    1028                    $C$DW$82        .dwtag  DW_TAG_TI_assign_register, DW_AT_name("B10")
    1029                            .dwattr $C$DW$82, DW_AT_location[DW_OP_reg26]
    1030                    $C$DW$83        .dwtag  DW_TAG_TI_assign_register, DW_AT_name("B11")
    1031                            .dwattr $C$DW$83, DW_AT_location[DW_OP_reg27]
    1032                    $C$DW$84        .dwtag  DW_TAG_TI_assign_register, DW_AT_name("B12")
    1033                            .dwattr $C$DW$84, DW_AT_location[DW_OP_reg28]
    1034                    $C$DW$85        .dwtag  DW_TAG_TI_assign_register, DW_AT_name("B13")
    1035                            .dwattr $C$DW$85, DW_AT_location[DW_OP_reg29]
    1036                    $C$DW$86        .dwtag  DW_TAG_TI_assign_register, DW_AT_name("DP")
    1037                            .dwattr $C$DW$86, DW_AT_location[DW_OP_reg30]
    1038                    $C$DW$87        .dwtag  DW_TAG_TI_assign_register, DW_AT_name("SP")
    1039                            .dwattr $C$DW$87, DW_AT_location[DW_OP_reg31]
    1040                    $C$DW$88        .dwtag  DW_TAG_TI_assign_register, DW_AT_name("FP")
    1041                            .dwattr $C$DW$88, DW_AT_location[DW_OP_regx 0x20]
    1042                    $C$DW$89        .dwtag  DW_TAG_TI_assign_register, DW_AT_name("PC")
    1043                            .dwattr $C$DW$89, DW_AT_location[DW_OP_regx 0x21]
    1044                    $C$DW$90        .dwtag  DW_TAG_TI_assign_register, DW_AT_name("IRP")
    1045                            .dwattr $C$DW$90, DW_AT_location[DW_OP_regx 0x22]
TMS320C6x Assembler PC v7.4.18 Fri Nov 30 01:04:50 2018

Tools Copyright (c) 1996-2015 Texas Instruments Incorporated
C:\Users\INPT\AppData\Local\Temp\0098010                             PAGE   20

    1046                    $C$DW$91        .dwtag  DW_TAG_TI_assign_register, DW_AT_name("IFR")
    1047                            .dwattr $C$DW$91, DW_AT_location[DW_OP_regx 0x23]
    1048                    $C$DW$92        .dwtag  DW_TAG_TI_assign_register, DW_AT_name("NRP")
    1049                            .dwattr $C$DW$92, DW_AT_location[DW_OP_regx 0x24]
    1050                    $C$DW$93        .dwtag  DW_TAG_TI_assign_register, DW_AT_name("A16")
    1051                            .dwattr $C$DW$93, DW_AT_location[DW_OP_regx 0x25]
    1052                    $C$DW$94        .dwtag  DW_TAG_TI_assign_register, DW_AT_name("A17")
    1053                            .dwattr $C$DW$94, DW_AT_location[DW_OP_regx 0x26]
    1054                    $C$DW$95        .dwtag  DW_TAG_TI_assign_register, DW_AT_name("A18")
    1055                            .dwattr $C$DW$95, DW_AT_location[DW_OP_regx 0x27]
    1056                    $C$DW$96        .dwtag  DW_TAG_TI_assign_register, DW_AT_name("A19")
    1057                            .dwattr $C$DW$96, DW_AT_location[DW_OP_regx 0x28]
    1058                    $C$DW$97        .dwtag  DW_TAG_TI_assign_register, DW_AT_name("A20")
    1059                            .dwattr $C$DW$97, DW_AT_location[DW_OP_regx 0x29]
    1060                    $C$DW$98        .dwtag  DW_TAG_TI_assign_register, DW_AT_name("A21")
    1061                            .dwattr $C$DW$98, DW_AT_location[DW_OP_regx 0x2a]
    1062                    $C$DW$99        .dwtag  DW_TAG_TI_assign_register, DW_AT_name("A22")
    1063                            .dwattr $C$DW$99, DW_AT_location[DW_OP_regx 0x2b]
    1064                    $C$DW$100       .dwtag  DW_TAG_TI_assign_register, DW_AT_name("A23")
    1065                            .dwattr $C$DW$100, DW_AT_location[DW_OP_regx 0x2c]
    1066                    $C$DW$101       .dwtag  DW_TAG_TI_assign_register, DW_AT_name("A24")
    1067                            .dwattr $C$DW$101, DW_AT_location[DW_OP_regx 0x2d]
    1068                    $C$DW$102       .dwtag  DW_TAG_TI_assign_register, DW_AT_name("A25")
    1069                            .dwattr $C$DW$102, DW_AT_location[DW_OP_regx 0x2e]
    1070                    $C$DW$103       .dwtag  DW_TAG_TI_assign_register, DW_AT_name("A26")
    1071                            .dwattr $C$DW$103, DW_AT_location[DW_OP_regx 0x2f]
    1072                    $C$DW$104       .dwtag  DW_TAG_TI_assign_register, DW_AT_name("A27")
    1073                            .dwattr $C$DW$104, DW_AT_location[DW_OP_regx 0x30]
    1074                    $C$DW$105       .dwtag  DW_TAG_TI_assign_register, DW_AT_name("A28")
    1075                            .dwattr $C$DW$105, DW_AT_location[DW_OP_regx 0x31]
    1076                    $C$DW$106       .dwtag  DW_TAG_TI_assign_register, DW_AT_name("A29")
    1077                            .dwattr $C$DW$106, DW_AT_location[DW_OP_regx 0x32]
    1078                    $C$DW$107       .dwtag  DW_TAG_TI_assign_register, DW_AT_name("A30")
    1079                            .dwattr $C$DW$107, DW_AT_location[DW_OP_regx 0x33]
    1080                    $C$DW$108       .dwtag  DW_TAG_TI_assign_register, DW_AT_name("A31")
    1081                            .dwattr $C$DW$108, DW_AT_location[DW_OP_regx 0x34]
    1082                    $C$DW$109       .dwtag  DW_TAG_TI_assign_register, DW_AT_name("B16")
    1083                            .dwattr $C$DW$109, DW_AT_location[DW_OP_regx 0x35]
    1084                    $C$DW$110       .dwtag  DW_TAG_TI_assign_register, DW_AT_name("B17")
    1085                            .dwattr $C$DW$110, DW_AT_location[DW_OP_regx 0x36]
    1086                    $C$DW$111       .dwtag  DW_TAG_TI_assign_register, DW_AT_name("B18")
    1087                            .dwattr $C$DW$111, DW_AT_location[DW_OP_regx 0x37]
    1088                    $C$DW$112       .dwtag  DW_TAG_TI_assign_register, DW_AT_name("B19")
    1089                            .dwattr $C$DW$112, DW_AT_location[DW_OP_regx 0x38]
    1090                    $C$DW$113       .dwtag  DW_TAG_TI_assign_register, DW_AT_name("B20")
    1091                            .dwattr $C$DW$113, DW_AT_location[DW_OP_regx 0x39]
    1092                    $C$DW$114       .dwtag  DW_TAG_TI_assign_register, DW_AT_name("B21")
    1093                            .dwattr $C$DW$114, DW_AT_location[DW_OP_regx 0x3a]
    1094                    $C$DW$115       .dwtag  DW_TAG_TI_assign_register, DW_AT_name("B22")
    1095                            .dwattr $C$DW$115, DW_AT_location[DW_OP_regx 0x3b]
    1096                    $C$DW$116       .dwtag  DW_TAG_TI_assign_register, DW_AT_name("B23")
    1097                            .dwattr $C$DW$116, DW_AT_location[DW_OP_regx 0x3c]
    1098                    $C$DW$117       .dwtag  DW_TAG_TI_assign_register, DW_AT_name("B24")
    1099                            .dwattr $C$DW$117, DW_AT_location[DW_OP_regx 0x3d]
    1100                    $C$DW$118       .dwtag  DW_TAG_TI_assign_register, DW_AT_name("B25")
TMS320C6x Assembler PC v7.4.18 Fri Nov 30 01:04:50 2018

Tools Copyright (c) 1996-2015 Texas Instruments Incorporated
C:\Users\INPT\AppData\Local\Temp\0098010                             PAGE   21

    1101                            .dwattr $C$DW$118, DW_AT_location[DW_OP_regx 0x3e]
    1102                    $C$DW$119       .dwtag  DW_TAG_TI_assign_register, DW_AT_name("B26")
    1103                            .dwattr $C$DW$119, DW_AT_location[DW_OP_regx 0x3f]
    1104                    $C$DW$120       .dwtag  DW_TAG_TI_assign_register, DW_AT_name("B27")
    1105                            .dwattr $C$DW$120, DW_AT_location[DW_OP_regx 0x40]
    1106                    $C$DW$121       .dwtag  DW_TAG_TI_assign_register, DW_AT_name("B28")
    1107                            .dwattr $C$DW$121, DW_AT_location[DW_OP_regx 0x41]
    1108                    $C$DW$122       .dwtag  DW_TAG_TI_assign_register, DW_AT_name("B29")
    1109                            .dwattr $C$DW$122, DW_AT_location[DW_OP_regx 0x42]
    1110                    $C$DW$123       .dwtag  DW_TAG_TI_assign_register, DW_AT_name("B30")
    1111                            .dwattr $C$DW$123, DW_AT_location[DW_OP_regx 0x43]
    1112                    $C$DW$124       .dwtag  DW_TAG_TI_assign_register, DW_AT_name("B31")
    1113                            .dwattr $C$DW$124, DW_AT_location[DW_OP_regx 0x44]
    1114                    $C$DW$125       .dwtag  DW_TAG_TI_assign_register, DW_AT_name("AMR")
    1115                            .dwattr $C$DW$125, DW_AT_location[DW_OP_regx 0x45]
    1116                    $C$DW$126       .dwtag  DW_TAG_TI_assign_register, DW_AT_name("CSR")
    1117                            .dwattr $C$DW$126, DW_AT_location[DW_OP_regx 0x46]
    1118                    $C$DW$127       .dwtag  DW_TAG_TI_assign_register, DW_AT_name("ISR")
    1119                            .dwattr $C$DW$127, DW_AT_location[DW_OP_regx 0x47]
    1120                    $C$DW$128       .dwtag  DW_TAG_TI_assign_register, DW_AT_name("ICR")
    1121                            .dwattr $C$DW$128, DW_AT_location[DW_OP_regx 0x48]
    1122                    $C$DW$129       .dwtag  DW_TAG_TI_assign_register, DW_AT_name("IER")
    1123                            .dwattr $C$DW$129, DW_AT_location[DW_OP_regx 0x49]
    1124                    $C$DW$130       .dwtag  DW_TAG_TI_assign_register, DW_AT_name("ISTP")
    1125                            .dwattr $C$DW$130, DW_AT_location[DW_OP_regx 0x4a]
    1126                    $C$DW$131       .dwtag  DW_TAG_TI_assign_register, DW_AT_name("IN")
    1127                            .dwattr $C$DW$131, DW_AT_location[DW_OP_regx 0x4b]
    1128                    $C$DW$132       .dwtag  DW_TAG_TI_assign_register, DW_AT_name("OUT")
    1129                            .dwattr $C$DW$132, DW_AT_location[DW_OP_regx 0x4c]
    1130                    $C$DW$133       .dwtag  DW_TAG_TI_assign_register, DW_AT_name("ACR")
    1131                            .dwattr $C$DW$133, DW_AT_location[DW_OP_regx 0x4d]
    1132                    $C$DW$134       .dwtag  DW_TAG_TI_assign_register, DW_AT_name("ADR")
    1133                            .dwattr $C$DW$134, DW_AT_location[DW_OP_regx 0x4e]
    1134                    $C$DW$135       .dwtag  DW_TAG_TI_assign_register, DW_AT_name("FADCR")
    1135                            .dwattr $C$DW$135, DW_AT_location[DW_OP_regx 0x4f]
    1136                    $C$DW$136       .dwtag  DW_TAG_TI_assign_register, DW_AT_name("FAUCR")
    1137                            .dwattr $C$DW$136, DW_AT_location[DW_OP_regx 0x50]
    1138                    $C$DW$137       .dwtag  DW_TAG_TI_assign_register, DW_AT_name("FMCR")
    1139                            .dwattr $C$DW$137, DW_AT_location[DW_OP_regx 0x51]
    1140                    $C$DW$138       .dwtag  DW_TAG_TI_assign_register, DW_AT_name("GFPGFR")
    1141                            .dwattr $C$DW$138, DW_AT_location[DW_OP_regx 0x52]
    1142                    $C$DW$139       .dwtag  DW_TAG_TI_assign_register, DW_AT_name("DIER")
    1143                            .dwattr $C$DW$139, DW_AT_location[DW_OP_regx 0x53]
    1144                    $C$DW$140       .dwtag  DW_TAG_TI_assign_register, DW_AT_name("REP")
    1145                            .dwattr $C$DW$140, DW_AT_location[DW_OP_regx 0x54]
    1146                    $C$DW$141       .dwtag  DW_TAG_TI_assign_register, DW_AT_name("TSCL")
    1147                            .dwattr $C$DW$141, DW_AT_location[DW_OP_regx 0x55]
    1148                    $C$DW$142       .dwtag  DW_TAG_TI_assign_register, DW_AT_name("TSCH")
    1149                            .dwattr $C$DW$142, DW_AT_location[DW_OP_regx 0x56]
    1150                    $C$DW$143       .dwtag  DW_TAG_TI_assign_register, DW_AT_name("ARP")
    1151                            .dwattr $C$DW$143, DW_AT_location[DW_OP_regx 0x57]
    1152                    $C$DW$144       .dwtag  DW_TAG_TI_assign_register, DW_AT_name("ILC")
    1153                            .dwattr $C$DW$144, DW_AT_location[DW_OP_regx 0x58]
    1154                    $C$DW$145       .dwtag  DW_TAG_TI_assign_register, DW_AT_name("RILC")
    1155                            .dwattr $C$DW$145, DW_AT_location[DW_OP_regx 0x59]
TMS320C6x Assembler PC v7.4.18 Fri Nov 30 01:04:50 2018

Tools Copyright (c) 1996-2015 Texas Instruments Incorporated
C:\Users\INPT\AppData\Local\Temp\0098010                             PAGE   22

    1156                    $C$DW$146       .dwtag  DW_TAG_TI_assign_register, DW_AT_name("DNUM")
    1157                            .dwattr $C$DW$146, DW_AT_location[DW_OP_regx 0x5a]
    1158                    $C$DW$147       .dwtag  DW_TAG_TI_assign_register, DW_AT_name("SSR")
    1159                            .dwattr $C$DW$147, DW_AT_location[DW_OP_regx 0x5b]
    1160                    $C$DW$148       .dwtag  DW_TAG_TI_assign_register, DW_AT_name("GPLYA")
    1161                            .dwattr $C$DW$148, DW_AT_location[DW_OP_regx 0x5c]
    1162                    $C$DW$149       .dwtag  DW_TAG_TI_assign_register, DW_AT_name("GPLYB")
    1163                            .dwattr $C$DW$149, DW_AT_location[DW_OP_regx 0x5d]
    1164                    $C$DW$150       .dwtag  DW_TAG_TI_assign_register, DW_AT_name("TSR")
    1165                            .dwattr $C$DW$150, DW_AT_location[DW_OP_regx 0x5e]
    1166                    $C$DW$151       .dwtag  DW_TAG_TI_assign_register, DW_AT_name("ITSR")
    1167                            .dwattr $C$DW$151, DW_AT_location[DW_OP_regx 0x5f]
    1168                    $C$DW$152       .dwtag  DW_TAG_TI_assign_register, DW_AT_name("NTSR")
    1169                            .dwattr $C$DW$152, DW_AT_location[DW_OP_regx 0x60]
    1170                    $C$DW$153       .dwtag  DW_TAG_TI_assign_register, DW_AT_name("EFR")
    1171                            .dwattr $C$DW$153, DW_AT_location[DW_OP_regx 0x61]
    1172                    $C$DW$154       .dwtag  DW_TAG_TI_assign_register, DW_AT_name("ECR")
    1173                            .dwattr $C$DW$154, DW_AT_location[DW_OP_regx 0x62]
    1174                    $C$DW$155       .dwtag  DW_TAG_TI_assign_register, DW_AT_name("IERR")
    1175                            .dwattr $C$DW$155, DW_AT_location[DW_OP_regx 0x63]
    1176                    $C$DW$156       .dwtag  DW_TAG_TI_assign_register, DW_AT_name("DMSG")
    1177                            .dwattr $C$DW$156, DW_AT_location[DW_OP_regx 0x64]
    1178                    $C$DW$157       .dwtag  DW_TAG_TI_assign_register, DW_AT_name("CMSG")
    1179                            .dwattr $C$DW$157, DW_AT_location[DW_OP_regx 0x65]
    1180                    $C$DW$158       .dwtag  DW_TAG_TI_assign_register, DW_AT_name("DT_DMA_ADDR")
    1181                            .dwattr $C$DW$158, DW_AT_location[DW_OP_regx 0x66]
    1182                    $C$DW$159       .dwtag  DW_TAG_TI_assign_register, DW_AT_name("DT_DMA_DATA")
    1183                            .dwattr $C$DW$159, DW_AT_location[DW_OP_regx 0x67]
    1184                    $C$DW$160       .dwtag  DW_TAG_TI_assign_register, DW_AT_name("DT_DMA_CNTL")
    1185                            .dwattr $C$DW$160, DW_AT_location[DW_OP_regx 0x68]
    1186                    $C$DW$161       .dwtag  DW_TAG_TI_assign_register, DW_AT_name("TCU_CNTL")
    1187                            .dwattr $C$DW$161, DW_AT_location[DW_OP_regx 0x69]
    1188                    $C$DW$162       .dwtag  DW_TAG_TI_assign_register, DW_AT_name("RTDX_REC_CNTL")
    1189                            .dwattr $C$DW$162, DW_AT_location[DW_OP_regx 0x6a]
    1190                    $C$DW$163       .dwtag  DW_TAG_TI_assign_register, DW_AT_name("RTDX_XMT_CNTL")
    1191                            .dwattr $C$DW$163, DW_AT_location[DW_OP_regx 0x6b]
    1192                    $C$DW$164       .dwtag  DW_TAG_TI_assign_register, DW_AT_name("RTDX_CFG")
    1193                            .dwattr $C$DW$164, DW_AT_location[DW_OP_regx 0x6c]
    1194                    $C$DW$165       .dwtag  DW_TAG_TI_assign_register, DW_AT_name("RTDX_RDATA")
    1195                            .dwattr $C$DW$165, DW_AT_location[DW_OP_regx 0x6d]
    1196                    $C$DW$166       .dwtag  DW_TAG_TI_assign_register, DW_AT_name("RTDX_WDATA")
    1197                            .dwattr $C$DW$166, DW_AT_location[DW_OP_regx 0x6e]
    1198                    $C$DW$167       .dwtag  DW_TAG_TI_assign_register, DW_AT_name("RTDX_RADDR")
    1199                            .dwattr $C$DW$167, DW_AT_location[DW_OP_regx 0x6f]
    1200                    $C$DW$168       .dwtag  DW_TAG_TI_assign_register, DW_AT_name("RTDX_WADDR")
    1201                            .dwattr $C$DW$168, DW_AT_location[DW_OP_regx 0x70]
    1202                    $C$DW$169       .dwtag  DW_TAG_TI_assign_register, DW_AT_name("MFREG0")
    1203                            .dwattr $C$DW$169, DW_AT_location[DW_OP_regx 0x71]
    1204                    $C$DW$170       .dwtag  DW_TAG_TI_assign_register, DW_AT_name("DBG_STAT")
    1205                            .dwattr $C$DW$170, DW_AT_location[DW_OP_regx 0x72]
    1206                    $C$DW$171       .dwtag  DW_TAG_TI_assign_register, DW_AT_name("BRK_EN")
    1207                            .dwattr $C$DW$171, DW_AT_location[DW_OP_regx 0x73]
    1208                    $C$DW$172       .dwtag  DW_TAG_TI_assign_register, DW_AT_name("HWBP0_CNT")
    1209                            .dwattr $C$DW$172, DW_AT_location[DW_OP_regx 0x74]
    1210                    $C$DW$173       .dwtag  DW_TAG_TI_assign_register, DW_AT_name("HWBP0")
TMS320C6x Assembler PC v7.4.18 Fri Nov 30 01:04:50 2018

Tools Copyright (c) 1996-2015 Texas Instruments Incorporated
C:\Users\INPT\AppData\Local\Temp\0098010                             PAGE   23

    1211                            .dwattr $C$DW$173, DW_AT_location[DW_OP_regx 0x75]
    1212                    $C$DW$174       .dwtag  DW_TAG_TI_assign_register, DW_AT_name("HWBP1")
    1213                            .dwattr $C$DW$174, DW_AT_location[DW_OP_regx 0x76]
    1214                    $C$DW$175       .dwtag  DW_TAG_TI_assign_register, DW_AT_name("HWBP2")
    1215                            .dwattr $C$DW$175, DW_AT_location[DW_OP_regx 0x77]
    1216                    $C$DW$176       .dwtag  DW_TAG_TI_assign_register, DW_AT_name("HWBP3")
    1217                            .dwattr $C$DW$176, DW_AT_location[DW_OP_regx 0x78]
    1218                    $C$DW$177       .dwtag  DW_TAG_TI_assign_register, DW_AT_name("OVERLAY")
    1219                            .dwattr $C$DW$177, DW_AT_location[DW_OP_regx 0x79]
    1220                    $C$DW$178       .dwtag  DW_TAG_TI_assign_register, DW_AT_name("PC_PROF")
    1221                            .dwattr $C$DW$178, DW_AT_location[DW_OP_regx 0x7a]
    1222                    $C$DW$179       .dwtag  DW_TAG_TI_assign_register, DW_AT_name("ATSR")
    1223                            .dwattr $C$DW$179, DW_AT_location[DW_OP_regx 0x7b]
    1224                    $C$DW$180       .dwtag  DW_TAG_TI_assign_register, DW_AT_name("TRR")
    1225                            .dwattr $C$DW$180, DW_AT_location[DW_OP_regx 0x7c]
    1226                    $C$DW$181       .dwtag  DW_TAG_TI_assign_register, DW_AT_name("TCRR")
    1227                            .dwattr $C$DW$181, DW_AT_location[DW_OP_regx 0x7d]
    1228                    $C$DW$182       .dwtag  DW_TAG_TI_assign_register, DW_AT_name("DESR")
    1229                            .dwattr $C$DW$182, DW_AT_location[DW_OP_regx 0x7e]
    1230                    $C$DW$183       .dwtag  DW_TAG_TI_assign_register, DW_AT_name("DETR")
    1231                            .dwattr $C$DW$183, DW_AT_location[DW_OP_regx 0x7f]
    1232                    $C$DW$184       .dwtag  DW_TAG_TI_assign_register, DW_AT_name("CIE_RETA")
    1233                            .dwattr $C$DW$184, DW_AT_location[DW_OP_regx 0xe4]
    1234                            .dwendtag $C$DW$CU
    1235                    

No Assembly Errors, No Assembly Warnings
